2023-12-28 12:54:06.178  INFO 8272 --- [main] org.example.Main                         : Starting Main using Java 17.0.7 on DESKTOP-DM6LD06 with PID 8272 (E:\spring\spring-project-starter\build\classes\java\main started by vidni in E:\spring\spring-project-starter)
2023-12-28 12:54:06.187  INFO 8272 --- [main] org.example.Main                         : The following profiles are active: qa
2023-12-28 12:54:10.618  INFO 8272 --- [main] .s.d.r.c.RepositoryConfigurationDelegate : Bootstrapping Spring Data JPA repositories in DEFAULT mode.
2023-12-28 12:54:10.753  INFO 8272 --- [main] .s.d.r.c.RepositoryConfigurationDelegate : Finished Spring Data repository scanning in 124 ms. Found 2 JPA repository interfaces.
2023-12-28 12:54:13.804  INFO 8272 --- [main] o.s.b.w.embedded.tomcat.TomcatWebServer  : Tomcat initialized with port(s): 8080 (http)
2023-12-28 12:54:13.825  INFO 8272 --- [main] o.apache.catalina.core.StandardService   : Starting service [Tomcat]
2023-12-28 12:54:13.826  INFO 8272 --- [main] org.apache.catalina.core.StandardEngine  : Starting Servlet engine: [Apache Tomcat/9.0.56]
2023-12-28 12:54:14.030  INFO 8272 --- [main] o.a.c.c.C.[Tomcat].[localhost].[/]       : Initializing Spring embedded WebApplicationContext
2023-12-28 12:54:14.031  INFO 8272 --- [main] w.s.c.ServletWebServerApplicationContext : Root WebApplicationContext: initialization completed in 7323 ms
2023-12-28 12:54:14.856  INFO 8272 --- [main] com.zaxxer.hikari.HikariDataSource       : HikariPool-1 - Starting...
2023-12-28 12:54:15.858  INFO 8272 --- [main] com.zaxxer.hikari.HikariDataSource       : HikariPool-1 - Start completed.
2023-12-28 12:54:17.363  INFO 8272 --- [main] liquibase.database                       : Set default schema name to public
2023-12-28 12:54:17.812  INFO 8272 --- [main] liquibase.lockservice                    : Successfully acquired change log lock
2023-12-28 12:54:19.009  INFO 8272 --- [main] liquibase.changelog                      : Reading from public.databasechangelog
2023-12-28 12:54:19.119  INFO 8272 --- [main] liquibase.lockservice                    : Successfully released change log lock
2023-12-28 12:54:19.419  INFO 8272 --- [main] o.hibernate.jpa.internal.util.LogHelper  : HHH000204: Processing PersistenceUnitInfo [name: default]
2023-12-28 12:54:19.591  INFO 8272 --- [main] org.hibernate.Version                    : HHH000412: Hibernate ORM core version 5.6.3.Final
2023-12-28 12:54:20.012  INFO 8272 --- [main] o.hibernate.annotations.common.Version   : HCANN000001: Hibernate Commons Annotations {5.1.2.Final}
2023-12-28 12:54:20.484  INFO 8272 --- [main] org.hibernate.dialect.Dialect            : HHH000400: Using dialect: org.hibernate.dialect.PostgreSQL10Dialect
2023-12-28 12:54:20.548  INFO 8272 --- [main] o.h.e.boot.internal.EnversServiceImpl    : Envers integration enabled? : true
2023-12-28 12:54:23.428  INFO 8272 --- [main] o.h.e.t.j.p.i.JtaPlatformInitiator       : HHH000490: Using JtaPlatform implementation: [org.hibernate.engine.transaction.jta.platform.internal.NoJtaPlatform]
2023-12-28 12:54:23.792  INFO 8272 --- [main] j.LocalContainerEntityManagerFactoryBean : Initialized JPA EntityManagerFactory for persistence unit 'default'
2023-12-28 12:54:23.801  INFO 8272 --- [main] o.e.s.configuration.JpaConfiguration     : jpa configuration is enable
2023-12-28 12:54:23.824  INFO 8272 --- [main] o.e.spring.database.pool.ConnectionPool  : init connection pool
2023-12-28 12:54:25.056  INFO 8272 --- [main] o.e.spring.database.pool.ConnectionPool  : init connection pool
2023-12-28 12:54:25.058  INFO 8272 --- [main] o.e.spring.database.pool.ConnectionPool  : init connection pool
2023-12-28 12:54:25.208  WARN 8272 --- [main] JpaBaseConfiguration$JpaWebConfiguration : spring.jpa.open-in-view is enabled by default. Therefore, database queries may be performed during view rendering. Explicitly configure spring.jpa.open-in-view to disable this warning
2023-12-28 12:54:25.847  INFO 8272 --- [main] o.s.b.w.embedded.tomcat.TomcatWebServer  : Tomcat started on port(s): 8080 (http) with context path ''
2023-12-28 12:54:25.874  INFO 8272 --- [main] org.example.Main                         : Started Main in 24.444 seconds (JVM running for 32.72)
2023-12-28 12:56:53.207  INFO 8272 --- [SpringApplicationShutdownHook] o.e.spring.database.pool.ConnectionPool  : Property set
2023-12-28 12:56:53.207  INFO 8272 --- [SpringApplicationShutdownHook] o.e.spring.database.pool.ConnectionPool  : Property set
2023-12-28 12:56:53.208  INFO 8272 --- [SpringApplicationShutdownHook] o.e.spring.database.pool.ConnectionPool  : Property set
2023-12-28 12:56:53.209  INFO 8272 --- [SpringApplicationShutdownHook] j.LocalContainerEntityManagerFactoryBean : Closing JPA EntityManagerFactory for persistence unit 'default'
2023-12-28 12:56:53.211  INFO 8272 --- [SpringApplicationShutdownHook] com.zaxxer.hikari.HikariDataSource       : HikariPool-1 - Shutdown initiated...
2023-12-28 12:56:53.219  INFO 8272 --- [SpringApplicationShutdownHook] com.zaxxer.hikari.HikariDataSource       : HikariPool-1 - Shutdown completed.
2023-12-28 15:59:49.957  INFO 9388 --- [main] org.example.Main                         : Starting Main using Java 17.0.7 on DESKTOP-DM6LD06 with PID 9388 (E:\spring\spring-project-starter\build\classes\java\main started by vidni in E:\spring\spring-project-starter)
2023-12-28 15:59:49.991  INFO 9388 --- [main] org.example.Main                         : The following profiles are active: qa
2023-12-28 15:59:58.650  INFO 9388 --- [main] .s.d.r.c.RepositoryConfigurationDelegate : Bootstrapping Spring Data JPA repositories in DEFAULT mode.
2023-12-28 15:59:59.086  INFO 9388 --- [main] .s.d.r.c.RepositoryConfigurationDelegate : Finished Spring Data repository scanning in 368 ms. Found 2 JPA repository interfaces.
2023-12-28 16:00:06.086  INFO 9388 --- [main] o.s.b.w.embedded.tomcat.TomcatWebServer  : Tomcat initialized with port(s): 8080 (http)
2023-12-28 16:00:06.157  INFO 9388 --- [main] o.apache.catalina.core.StandardService   : Starting service [Tomcat]
2023-12-28 16:00:06.158  INFO 9388 --- [main] org.apache.catalina.core.StandardEngine  : Starting Servlet engine: [Apache Tomcat/9.0.56]
2023-12-28 16:00:07.657  INFO 9388 --- [main] o.a.c.c.C.[Tomcat].[localhost].[/]       : Initializing Spring embedded WebApplicationContext
2023-12-28 16:00:07.657  INFO 9388 --- [main] w.s.c.ServletWebServerApplicationContext : Root WebApplicationContext: initialization completed in 16992 ms
2023-12-28 16:00:09.119  INFO 9388 --- [main] com.zaxxer.hikari.HikariDataSource       : HikariPool-1 - Starting...
2023-12-28 16:00:10.852  INFO 9388 --- [main] com.zaxxer.hikari.HikariDataSource       : HikariPool-1 - Start completed.
2023-12-28 16:00:12.893  INFO 9388 --- [main] liquibase.database                       : Set default schema name to public
2023-12-28 16:00:14.991  INFO 9388 --- [main] liquibase.lockservice                    : Successfully acquired change log lock
2023-12-28 16:00:17.567  INFO 9388 --- [main] liquibase.changelog                      : Reading from public.databasechangelog
2023-12-28 16:00:17.709  INFO 9388 --- [main] liquibase.lockservice                    : Successfully released change log lock
2023-12-28 16:00:18.024  INFO 9388 --- [main] o.hibernate.jpa.internal.util.LogHelper  : HHH000204: Processing PersistenceUnitInfo [name: default]
2023-12-28 16:00:18.760  INFO 9388 --- [main] org.hibernate.Version                    : HHH000412: Hibernate ORM core version 5.6.3.Final
2023-12-28 16:00:19.184  INFO 9388 --- [main] o.hibernate.annotations.common.Version   : HCANN000001: Hibernate Commons Annotations {5.1.2.Final}
2023-12-28 16:00:19.658  INFO 9388 --- [main] org.hibernate.dialect.Dialect            : HHH000400: Using dialect: org.hibernate.dialect.PostgreSQL10Dialect
2023-12-28 16:00:19.753  INFO 9388 --- [main] o.h.e.boot.internal.EnversServiceImpl    : Envers integration enabled? : true
2023-12-28 16:00:22.857  INFO 9388 --- [main] o.h.e.t.j.p.i.JtaPlatformInitiator       : HHH000490: Using JtaPlatform implementation: [org.hibernate.engine.transaction.jta.platform.internal.NoJtaPlatform]
2023-12-28 16:00:23.059  INFO 9388 --- [main] j.LocalContainerEntityManagerFactoryBean : Initialized JPA EntityManagerFactory for persistence unit 'default'
2023-12-28 16:00:23.070  INFO 9388 --- [main] o.e.s.configuration.JpaConfiguration     : jpa configuration is enable
2023-12-28 16:00:23.095  INFO 9388 --- [main] o.e.spring.database.pool.ConnectionPool  : init connection pool
2023-12-28 16:00:24.258  INFO 9388 --- [main] o.e.spring.database.pool.ConnectionPool  : init connection pool
2023-12-28 16:00:24.260  INFO 9388 --- [main] o.e.spring.database.pool.ConnectionPool  : init connection pool
2023-12-28 16:00:24.693  WARN 9388 --- [main] JpaBaseConfiguration$JpaWebConfiguration : spring.jpa.open-in-view is enabled by default. Therefore, database queries may be performed during view rendering. Explicitly configure spring.jpa.open-in-view to disable this warning
2023-12-28 16:00:26.693  INFO 9388 --- [main] o.s.b.w.embedded.tomcat.TomcatWebServer  : Tomcat started on port(s): 8080 (http) with context path ''
2023-12-28 16:00:26.725  INFO 9388 --- [main] org.example.Main                         : Started Main in 45.388 seconds (JVM running for 58.666)
2023-12-28 16:02:33.618  INFO 9388 --- [SpringApplicationShutdownHook] o.e.spring.database.pool.ConnectionPool  : Property set
2023-12-28 16:02:33.660  INFO 9388 --- [SpringApplicationShutdownHook] o.e.spring.database.pool.ConnectionPool  : Property set
2023-12-28 16:02:33.665  INFO 9388 --- [SpringApplicationShutdownHook] o.e.spring.database.pool.ConnectionPool  : Property set
2023-12-28 16:02:33.667  INFO 9388 --- [SpringApplicationShutdownHook] j.LocalContainerEntityManagerFactoryBean : Closing JPA EntityManagerFactory for persistence unit 'default'
2023-12-28 16:02:33.677  INFO 9388 --- [SpringApplicationShutdownHook] com.zaxxer.hikari.HikariDataSource       : HikariPool-1 - Shutdown initiated...
2023-12-28 16:02:33.719  INFO 9388 --- [SpringApplicationShutdownHook] com.zaxxer.hikari.HikariDataSource       : HikariPool-1 - Shutdown completed.
2023-12-28 16:04:22.959  INFO 5232 --- [main] org.example.Main                         : Starting Main using Java 17.0.7 on DESKTOP-DM6LD06 with PID 5232 (E:\spring\spring-project-starter\build\classes\java\main started by vidni in E:\spring\spring-project-starter)
2023-12-28 16:04:22.965  INFO 5232 --- [main] org.example.Main                         : The following profiles are active: qa
2023-12-28 16:04:24.281  INFO 5232 --- [main] .s.d.r.c.RepositoryConfigurationDelegate : Bootstrapping Spring Data JPA repositories in DEFAULT mode.
2023-12-28 16:04:24.405  INFO 5232 --- [main] .s.d.r.c.RepositoryConfigurationDelegate : Finished Spring Data repository scanning in 111 ms. Found 2 JPA repository interfaces.
2023-12-28 16:04:25.404  INFO 5232 --- [main] o.s.b.w.embedded.tomcat.TomcatWebServer  : Tomcat initialized with port(s): 8080 (http)
2023-12-28 16:04:25.417  INFO 5232 --- [main] o.apache.catalina.core.StandardService   : Starting service [Tomcat]
2023-12-28 16:04:25.418  INFO 5232 --- [main] org.apache.catalina.core.StandardEngine  : Starting Servlet engine: [Apache Tomcat/9.0.56]
2023-12-28 16:04:25.591  INFO 5232 --- [main] o.a.c.c.C.[Tomcat].[localhost].[/]       : Initializing Spring embedded WebApplicationContext
2023-12-28 16:04:25.591  INFO 5232 --- [main] w.s.c.ServletWebServerApplicationContext : Root WebApplicationContext: initialization completed in 2504 ms
2023-12-28 16:04:25.896  INFO 5232 --- [main] com.zaxxer.hikari.HikariDataSource       : HikariPool-1 - Starting...
2023-12-28 16:04:26.167  INFO 5232 --- [main] com.zaxxer.hikari.HikariDataSource       : HikariPool-1 - Start completed.
2023-12-28 16:04:26.371  INFO 5232 --- [main] liquibase.database                       : Set default schema name to public
2023-12-28 16:04:26.487  INFO 5232 --- [main] liquibase.lockservice                    : Successfully acquired change log lock
2023-12-28 16:04:26.681  INFO 5232 --- [main] liquibase.changelog                      : Reading from public.databasechangelog
2023-12-28 16:04:26.738  INFO 5232 --- [main] liquibase.lockservice                    : Successfully released change log lock
2023-12-28 16:04:26.858  INFO 5232 --- [main] o.hibernate.jpa.internal.util.LogHelper  : HHH000204: Processing PersistenceUnitInfo [name: default]
2023-12-28 16:04:27.000  INFO 5232 --- [main] org.hibernate.Version                    : HHH000412: Hibernate ORM core version 5.6.3.Final
2023-12-28 16:04:27.320  INFO 5232 --- [main] o.hibernate.annotations.common.Version   : HCANN000001: Hibernate Commons Annotations {5.1.2.Final}
2023-12-28 16:04:27.487  INFO 5232 --- [main] org.hibernate.dialect.Dialect            : HHH000400: Using dialect: org.hibernate.dialect.PostgreSQL10Dialect
2023-12-28 16:04:27.531  INFO 5232 --- [main] o.h.e.boot.internal.EnversServiceImpl    : Envers integration enabled? : true
2023-12-28 16:04:29.358  INFO 5232 --- [main] o.h.e.t.j.p.i.JtaPlatformInitiator       : HHH000490: Using JtaPlatform implementation: [org.hibernate.engine.transaction.jta.platform.internal.NoJtaPlatform]
2023-12-28 16:04:29.492  INFO 5232 --- [main] j.LocalContainerEntityManagerFactoryBean : Initialized JPA EntityManagerFactory for persistence unit 'default'
2023-12-28 16:04:29.501  INFO 5232 --- [main] o.e.s.configuration.JpaConfiguration     : jpa configuration is enable
2023-12-28 16:04:29.508  INFO 5232 --- [main] o.e.spring.database.pool.ConnectionPool  : init connection pool
2023-12-28 16:04:30.357  INFO 5232 --- [main] o.e.spring.database.pool.ConnectionPool  : init connection pool
2023-12-28 16:04:30.359  INFO 5232 --- [main] o.e.spring.database.pool.ConnectionPool  : init connection pool
2023-12-28 16:04:30.652  WARN 5232 --- [main] JpaBaseConfiguration$JpaWebConfiguration : spring.jpa.open-in-view is enabled by default. Therefore, database queries may be performed during view rendering. Explicitly configure spring.jpa.open-in-view to disable this warning
2023-12-28 16:04:32.005  INFO 5232 --- [main] o.s.b.w.embedded.tomcat.TomcatWebServer  : Tomcat started on port(s): 8080 (http) with context path ''
2023-12-28 16:04:32.024  INFO 5232 --- [main] org.example.Main                         : Started Main in 10.38 seconds (JVM running for 11.496)
2023-12-28 16:04:44.961  INFO 5232 --- [http-nio-8080-exec-1] o.a.c.c.C.[Tomcat].[localhost].[/]       : Initializing Spring DispatcherServlet 'dispatcherServlet'
2023-12-28 16:04:44.961  INFO 5232 --- [http-nio-8080-exec-1] o.s.web.servlet.DispatcherServlet        : Initializing Servlet 'dispatcherServlet'
2023-12-28 16:04:44.963  INFO 5232 --- [http-nio-8080-exec-1] o.s.web.servlet.DispatcherServlet        : Completed initialization in 1 ms
2023-12-28 16:04:45.808  INFO 5232 --- [http-nio-8080-exec-1] o.springdoc.api.AbstractOpenApiResource  : Init duration for springdoc-openapi is: 684 ms
2023-12-28 16:56:45.513  INFO 5232 --- [SpringApplicationShutdownHook] o.e.spring.database.pool.ConnectionPool  : Property set
2023-12-28 16:56:45.514  INFO 5232 --- [SpringApplicationShutdownHook] o.e.spring.database.pool.ConnectionPool  : Property set
2023-12-28 16:56:45.516  INFO 5232 --- [SpringApplicationShutdownHook] o.e.spring.database.pool.ConnectionPool  : Property set
2023-12-28 16:56:45.516  INFO 5232 --- [SpringApplicationShutdownHook] j.LocalContainerEntityManagerFactoryBean : Closing JPA EntityManagerFactory for persistence unit 'default'
2023-12-28 16:56:45.533  INFO 5232 --- [SpringApplicationShutdownHook] com.zaxxer.hikari.HikariDataSource       : HikariPool-1 - Shutdown initiated...
2023-12-28 16:56:45.539  INFO 5232 --- [SpringApplicationShutdownHook] com.zaxxer.hikari.HikariDataSource       : HikariPool-1 - Shutdown completed.
